# JRE version: Java(TM) SE Runtime Environment (8.0_51-b16) (build 1.8.0_51-b16)
# Java VM: Java HotSpot(TM) 64-Bit Server VM (25.51-b03 mixed mode windows-amd64 compressed oops)
Heap:
 PSYoungGen      total 76288K, used 63763K [0x000000076ad00000, 0x0000000770200000, 0x00000007c0000000)
  eden space 65536K, 97% used [0x000000076ad00000,0x000000076eb44e08,0x000000076ed00000)
  from space 10752K, 0% used [0x000000076f780000,0x000000076f780000,0x0000000770200000)
  to   space 10752K, 0% used [0x000000076ed00000,0x000000076ed00000,0x000000076f780000)
 ParOldGen       total 137728K, used 21598K [0x00000006c0600000, 0x00000006c8c80000, 0x000000076ad00000)
  object space 137728K, 15% used [0x00000006c0600000,0x00000006c1b17908,0x00000006c8c80000)
 Metaspace       used 24271K, capacity 25930K, committed 25984K, reserved 1071104K
  class space    used 3378K, capacity 3680K, committed 3712K, reserved 1048576K
GC Heap History (6 events):
Event: 3.067 GC heap before
{Heap before GC invocations=1 (full 0):
 PSYoungGen      total 76288K, used 65507K [0x000000076ad00000, 0x0000000770200000, 0x00000007c0000000)
  eden space 65536K, 99% used [0x000000076ad00000,0x000000076ecf8ff0,0x000000076ed00000)
  from space 10752K, 0% used [0x000000076f780000,0x000000076f780000,0x0000000770200000)
  to   space 10752K, 0% used [0x000000076ed00000,0x000000076ed00000,0x000000076f780000)
 ParOldGen       total 175104K, used 0K [0x00000006c0600000, 0x00000006cb100000, 0x000000076ad00000)
  object space 175104K, 0% used [0x00000006c0600000,0x00000006c0600000,0x00000006cb100000)
 Metaspace       used 19070K, capacity 19760K, committed 20096K, reserved 1067008K
  class space    used 2670K, capacity 2841K, committed 2944K, reserved 1048576K
Event: 3.083 GC heap after
Heap after GC invocations=1 (full 0):
 PSYoungGen      total 76288K, used 10732K [0x000000076ad00000, 0x0000000770200000, 0x00000007c0000000)
  eden space 65536K, 0% used [0x000000076ad00000,0x000000076ad00000,0x000000076ed00000)
  from space 10752K, 99% used [0x000000076ed00000,0x000000076f77b168,0x000000076f780000)
  to   space 10752K, 0% used [0x000000076f780000,0x000000076f780000,0x0000000770200000)
 ParOldGen       total 175104K, used 10951K [0x00000006c0600000, 0x00000006cb100000, 0x000000076ad00000)
  object space 175104K, 6% used [0x00000006c0600000,0x00000006c10b1ce8,0x00000006cb100000)
 Metaspace       used 19070K, capacity 19760K, committed 20096K, reserved 1067008K
  class space    used 2670K, capacity 2841K, committed 2944K, reserved 1048576K
}
Event: 4.175 GC heap before
{Heap before GC invocations=2 (full 0):
 PSYoungGen      total 76288K, used 33469K [0x000000076ad00000, 0x0000000770200000, 0x00000007c0000000)
  eden space 65536K, 34% used [0x000000076ad00000,0x000000076c3344e8,0x000000076ed00000)
  from space 10752K, 99% used [0x000000076ed00000,0x000000076f77b168,0x000000076f780000)
  to   space 10752K, 0% used [0x000000076f780000,0x000000076f780000,0x0000000770200000)
 ParOldGen       total 175104K, used 10951K [0x00000006c0600000, 0x00000006cb100000, 0x000000076ad00000)
  object space 175104K, 6% used [0x00000006c0600000,0x00000006c10b1ce8,0x00000006cb100000)
 Metaspace       used 20271K, capacity 21168K, committed 21248K, reserved 1067008K
  class space    used 2846K, capacity 3047K, committed 3072K, reserved 1048576K
Event: 4.188 GC heap after
Heap after GC invocations=2 (full 0):
 PSYoungGen      total 76288K, used 10740K [0x000000076ad00000, 0x0000000770200000, 0x00000007c0000000)
  eden space 65536K, 0% used [0x000000076ad00000,0x000000076ad00000,0x000000076ed00000)
  from space 10752K, 99% used [0x000000076f780000,0x00000007701fd088,0x0000000770200000)
  to   space 10752K, 0% used [0x000000076ed00000,0x000000076ed00000,0x000000076f780000)
 ParOldGen       total 175104K, used 14067K [0x00000006c0600000, 0x00000006cb100000, 0x000000076ad00000)
  object space 175104K, 8% used [0x00000006c0600000,0x00000006c13bcd50,0x00000006cb100000)
 Metaspace       used 20271K, capacity 21168K, committed 21248K, reserved 1067008K
  class space    used 2846K, capacity 3047K, committed 3072K, reserved 1048576K
}
Event: 4.188 GC heap before
{Heap before GC invocations=3 (full 1):
 PSYoungGen      total 76288K, used 10740K [0x000000076ad00000, 0x0000000770200000, 0x00000007c0000000)
  eden space 65536K, 0% used [0x000000076ad00000,0x000000076ad00000,0x000000076ed00000)
  from space 10752K, 99% used [0x000000076f780000,0x00000007701fd088,0x0000000770200000)
  to   space 10752K, 0% used [0x000000076ed00000,0x000000076ed00000,0x000000076f780000)
 ParOldGen       total 175104K, used 14067K [0x00000006c0600000, 0x00000006cb100000, 0x000000076ad00000)
  object space 175104K, 8% used [0x00000006c0600000,0x00000006c13bcd50,0x00000006cb100000)
 Metaspace       used 20271K, capacity 21168K, committed 21248K, reserved 1067008K
  class space    used 2846K, capacity 3047K, committed 3072K, reserved 1048576K
Event: 4.234 GC heap after
Heap after GC invocations=3 (full 1):
 PSYoungGen      total 76288K, used 0K [0x000000076ad00000, 0x0000000770200000, 0x00000007c0000000)
  eden space 65536K, 0% used [0x000000076ad00000,0x000000076ad00000,0x000000076ed00000)
  from space 10752K, 0% used [0x000000076f780000,0x000000076f780000,0x0000000770200000)
  to   space 10752K, 0% used [0x000000076ed00000,0x000000076ed00000,0x000000076f780000)
 ParOldGen       total 137728K, used 21598K [0x00000006c0600000, 0x00000006c8c80000, 0x000000076ad00000)
  object space 137728K, 15% used [0x00000006c0600000,0x00000006c1b17908,0x00000006c8c80000)
 Metaspace       used 20271K, capacity 21168K, committed 21248K, reserved 1067008K
  class space    used 2846K, capacity 3047K, committed 3072K, reserved 1048576K
}

