# JRE version: Java(TM) SE Runtime Environment (8.0_51-b16) (build 1.8.0_51-b16)
# Java VM: Java HotSpot(TM) 64-Bit Server VM (25.51-b03 mixed mode windows-amd64 compressed oops)
Heap:
 PSYoungGen      total 76288K, used 18191K [0x000000076ad00000, 0x0000000770200000, 0x00000007c0000000)
  eden space 65536K, 27% used [0x000000076ad00000,0x000000076bec3c78,0x000000076ed00000)
  from space 10752K, 0% used [0x000000076ed00000,0x000000076ed00000,0x000000076f780000)
  to   space 10752K, 0% used [0x000000076f780000,0x000000076f780000,0x0000000770200000)
 ParOldGen       total 126464K, used 8190K [0x00000006c0600000, 0x00000006c8180000, 0x000000076ad00000)
  object space 126464K, 6% used [0x00000006c0600000,0x00000006c0dff9c8,0x00000006c8180000)
 Metaspace       used 21614K, capacity 22834K, committed 23040K, reserved 1069056K
  class space    used 2972K, capacity 3242K, committed 3328K, reserved 1048576K
GC Heap History (4 events):
Event: 1.672 GC heap before
{Heap before GC invocations=1 (full 0):
 PSYoungGen      total 76288K, used 56405K [0x000000076ad00000, 0x0000000770200000, 0x00000007c0000000)
  eden space 65536K, 86% used [0x000000076ad00000,0x000000076e4154a8,0x000000076ed00000)
  from space 10752K, 0% used [0x000000076f780000,0x000000076f780000,0x0000000770200000)
  to   space 10752K, 0% used [0x000000076ed00000,0x000000076ed00000,0x000000076f780000)
 ParOldGen       total 175104K, used 0K [0x00000006c0600000, 0x00000006cb100000, 0x000000076ad00000)
  object space 175104K, 0% used [0x00000006c0600000,0x00000006c0600000,0x00000006cb100000)
 Metaspace       used 20094K, capacity 21214K, committed 21296K, reserved 1067008K
  class space    used 2874K, capacity 3122K, committed 3200K, reserved 1048576K
Event: 1.686 GC heap after
Heap after GC invocations=1 (full 0):
 PSYoungGen      total 76288K, used 8267K [0x000000076ad00000, 0x0000000770200000, 0x00000007c0000000)
  eden space 65536K, 0% used [0x000000076ad00000,0x000000076ad00000,0x000000076ed00000)
  from space 10752K, 76% used [0x000000076ed00000,0x000000076f512e20,0x000000076f780000)
  to   space 10752K, 0% used [0x000000076f780000,0x000000076f780000,0x0000000770200000)
 ParOldGen       total 175104K, used 88K [0x00000006c0600000, 0x00000006cb100000, 0x000000076ad00000)
  object space 175104K, 0% used [0x00000006c0600000,0x00000006c0616010,0x00000006cb100000)
 Metaspace       used 20094K, capacity 21214K, committed 21296K, reserved 1067008K
  class space    used 2874K, capacity 3122K, committed 3200K, reserved 1048576K
}
Event: 1.686 GC heap before
{Heap before GC invocations=2 (full 1):
 PSYoungGen      total 76288K, used 8267K [0x000000076ad00000, 0x0000000770200000, 0x00000007c0000000)
  eden space 65536K, 0% used [0x000000076ad00000,0x000000076ad00000,0x000000076ed00000)
  from space 10752K, 76% used [0x000000076ed00000,0x000000076f512e20,0x000000076f780000)
  to   space 10752K, 0% used [0x000000076f780000,0x000000076f780000,0x0000000770200000)
 ParOldGen       total 175104K, used 88K [0x00000006c0600000, 0x00000006cb100000, 0x000000076ad00000)
  object space 175104K, 0% used [0x00000006c0600000,0x00000006c0616010,0x00000006cb100000)
 Metaspace       used 20094K, capacity 21214K, committed 21296K, reserved 1067008K
  class space    used 2874K, capacity 3122K, committed 3200K, reserved 1048576K
Event: 1.736 GC heap after
Heap after GC invocations=2 (full 1):
 PSYoungGen      total 76288K, used 0K [0x000000076ad00000, 0x0000000770200000, 0x00000007c0000000)
  eden space 65536K, 0% used [0x000000076ad00000,0x000000076ad00000,0x000000076ed00000)
  from space 10752K, 0% used [0x000000076ed00000,0x000000076ed00000,0x000000076f780000)
  to   space 10752K, 0% used [0x000000076f780000,0x000000076f780000,0x0000000770200000)
 ParOldGen       total 126464K, used 8190K [0x00000006c0600000, 0x00000006c8180000, 0x000000076ad00000)
  object space 126464K, 6% used [0x00000006c0600000,0x00000006c0dff9c8,0x00000006c8180000)
 Metaspace       used 20094K, capacity 21214K, committed 21296K, reserved 1067008K
  class space    used 2874K, capacity 3122K, committed 3200K, reserved 1048576K
}

