# JRE version: Java(TM) SE Runtime Environment (8.0_51-b16) (build 1.8.0_51-b16)
# Java VM: Java HotSpot(TM) 64-Bit Server VM (25.51-b03 mixed mode windows-amd64 compressed oops)
Heap:
 PSYoungGen      total 76288K, used 33651K [0x000000076ad00000, 0x0000000774200000, 0x00000007c0000000)
  eden space 65536K, 51% used [0x000000076ad00000,0x000000076cddcc30,0x000000076ed00000)
  from space 10752K, 0% used [0x000000076f780000,0x000000076f780000,0x0000000770200000)
  to   space 10752K, 0% used [0x000000076ed00000,0x000000076ed00000,0x000000076f780000)
 ParOldGen       total 114688K, used 22757K [0x00000006c0600000, 0x00000006c7600000, 0x000000076ad00000)
  object space 114688K, 19% used [0x00000006c0600000,0x00000006c1c395e8,0x00000006c7600000)
 Metaspace       used 22674K, capacity 23930K, committed 24192K, reserved 1071104K
  class space    used 3192K, capacity 3438K, committed 3456K, reserved 1048576K
GC Heap History (6 events):
Event: 5.576 GC heap before
{Heap before GC invocations=1 (full 0):
 PSYoungGen      total 76288K, used 64849K [0x000000076ad00000, 0x0000000770200000, 0x00000007c0000000)
  eden space 65536K, 98% used [0x000000076ad00000,0x000000076ec54620,0x000000076ed00000)
  from space 10752K, 0% used [0x000000076f780000,0x000000076f780000,0x0000000770200000)
  to   space 10752K, 0% used [0x000000076ed00000,0x000000076ed00000,0x000000076f780000)
 ParOldGen       total 175104K, used 0K [0x00000006c0600000, 0x00000006cb100000, 0x000000076ad00000)
  object space 175104K, 0% used [0x00000006c0600000,0x00000006c0600000,0x00000006cb100000)
 Metaspace       used 19264K, capacity 19970K, committed 20352K, reserved 1067008K
  class space    used 2670K, capacity 2840K, committed 2944K, reserved 1048576K
Event: 5.591 GC heap after
Heap after GC invocations=1 (full 0):
 PSYoungGen      total 76288K, used 10720K [0x000000076ad00000, 0x0000000770200000, 0x00000007c0000000)
  eden space 65536K, 0% used [0x000000076ad00000,0x000000076ad00000,0x000000076ed00000)
  from space 10752K, 99% used [0x000000076ed00000,0x000000076f7782d0,0x000000076f780000)
  to   space 10752K, 0% used [0x000000076f780000,0x000000076f780000,0x0000000770200000)
 ParOldGen       total 175104K, used 9883K [0x00000006c0600000, 0x00000006cb100000, 0x000000076ad00000)
  object space 175104K, 5% used [0x00000006c0600000,0x00000006c0fa6f18,0x00000006cb100000)
 Metaspace       used 19264K, capacity 19970K, committed 20352K, reserved 1067008K
  class space    used 2670K, capacity 2840K, committed 2944K, reserved 1048576K
}
Event: 5.912 GC heap before
{Heap before GC invocations=2 (full 0):
 PSYoungGen      total 76288K, used 32719K [0x000000076ad00000, 0x0000000770200000, 0x00000007c0000000)
  eden space 65536K, 33% used [0x000000076ad00000,0x000000076c27ba40,0x000000076ed00000)
  from space 10752K, 99% used [0x000000076ed00000,0x000000076f7782d0,0x000000076f780000)
  to   space 10752K, 0% used [0x000000076f780000,0x000000076f780000,0x0000000770200000)
 ParOldGen       total 175104K, used 9883K [0x00000006c0600000, 0x00000006cb100000, 0x000000076ad00000)
  object space 175104K, 5% used [0x00000006c0600000,0x00000006c0fa6f18,0x00000006cb100000)
 Metaspace       used 20280K, capacity 21144K, committed 21248K, reserved 1067008K
  class space    used 2836K, capacity 3013K, committed 3072K, reserved 1048576K
Event: 5.928 GC heap after
Heap after GC invocations=2 (full 0):
 PSYoungGen      total 76288K, used 10736K [0x000000076ad00000, 0x0000000774200000, 0x00000007c0000000)
  eden space 65536K, 0% used [0x000000076ad00000,0x000000076ad00000,0x000000076ed00000)
  from space 10752K, 99% used [0x000000076f780000,0x00000007701fc338,0x0000000770200000)
  to   space 10752K, 0% used [0x000000076ed00000,0x000000076ed00000,0x000000076f780000)
 ParOldGen       total 175104K, used 15187K [0x00000006c0600000, 0x00000006cb100000, 0x000000076ad00000)
  object space 175104K, 8% used [0x00000006c0600000,0x00000006c14d4d10,0x00000006cb100000)
 Metaspace       used 20280K, capacity 21144K, committed 21248K, reserved 1067008K
  class space    used 2836K, capacity 3013K, committed 3072K, reserved 1048576K
}
Event: 5.928 GC heap before
{Heap before GC invocations=3 (full 1):
 PSYoungGen      total 76288K, used 10736K [0x000000076ad00000, 0x0000000774200000, 0x00000007c0000000)
  eden space 65536K, 0% used [0x000000076ad00000,0x000000076ad00000,0x000000076ed00000)
  from space 10752K, 99% used [0x000000076f780000,0x00000007701fc338,0x0000000770200000)
  to   space 10752K, 0% used [0x000000076ed00000,0x000000076ed00000,0x000000076f780000)
 ParOldGen       total 175104K, used 15187K [0x00000006c0600000, 0x00000006cb100000, 0x000000076ad00000)
  object space 175104K, 8% used [0x00000006c0600000,0x00000006c14d4d10,0x00000006cb100000)
 Metaspace       used 20280K, capacity 21144K, committed 21248K, reserved 1067008K
  class space    used 2836K, capacity 3013K, committed 3072K, reserved 1048576K
Event: 5.970 GC heap after
Heap after GC invocations=3 (full 1):
 PSYoungGen      total 76288K, used 0K [0x000000076ad00000, 0x0000000774200000, 0x00000007c0000000)
  eden space 65536K, 0% used [0x000000076ad00000,0x000000076ad00000,0x000000076ed00000)
  from space 10752K, 0% used [0x000000076f780000,0x000000076f780000,0x0000000770200000)
  to   space 10752K, 0% used [0x000000076ed00000,0x000000076ed00000,0x000000076f780000)
 ParOldGen       total 114688K, used 22757K [0x00000006c0600000, 0x00000006c7600000, 0x000000076ad00000)
  object space 114688K, 19% used [0x00000006c0600000,0x00000006c1c395e8,0x00000006c7600000)
 Metaspace       used 20280K, capacity 21144K, committed 21248K, reserved 1067008K
  class space    used 2836K, capacity 3013K, committed 3072K, reserved 1048576K
}

