# JRE version: Java(TM) SE Runtime Environment (8.0_51-b16) (build 1.8.0_51-b16)
# Java VM: Java HotSpot(TM) 64-Bit Server VM (25.51-b03 mixed mode windows-amd64 compressed oops)
Heap:
 PSYoungGen      total 76288K, used 35136K [0x000000076ad00000, 0x0000000770200000, 0x00000007c0000000)
  eden space 65536K, 53% used [0x000000076ad00000,0x000000076cf502d8,0x000000076ed00000)
  from space 10752K, 0% used [0x000000076ed00000,0x000000076ed00000,0x000000076f780000)
  to   space 10752K, 0% used [0x000000076f780000,0x000000076f780000,0x0000000770200000)
 ParOldGen       total 75776K, used 9301K [0x00000006c0600000, 0x00000006c5000000, 0x000000076ad00000)
  object space 75776K, 12% used [0x00000006c0600000,0x00000006c0f156d0,0x00000006c5000000)
 Metaspace       used 25808K, capacity 26656K, committed 26880K, reserved 1073152K
  class space    used 3546K, capacity 3735K, committed 3840K, reserved 1048576K
GC Heap History (4 events):
Event: 11.468 GC heap before
{Heap before GC invocations=1 (full 0):
 PSYoungGen      total 76288K, used 51807K [0x000000076ad00000, 0x0000000770200000, 0x00000007c0000000)
  eden space 65536K, 79% used [0x000000076ad00000,0x000000076df97f48,0x000000076ed00000)
  from space 10752K, 0% used [0x000000076f780000,0x000000076f780000,0x0000000770200000)
  to   space 10752K, 0% used [0x000000076ed00000,0x000000076ed00000,0x000000076f780000)
 ParOldGen       total 175104K, used 0K [0x00000006c0600000, 0x00000006cb100000, 0x000000076ad00000)
  object space 175104K, 0% used [0x00000006c0600000,0x00000006c0600000,0x00000006cb100000)
 Metaspace       used 20525K, capacity 21158K, committed 21296K, reserved 1067008K
  class space    used 2758K, capacity 2936K, committed 2944K, reserved 1048576K
Event: 11.481 GC heap after
Heap after GC invocations=1 (full 0):
 PSYoungGen      total 76288K, used 10748K [0x000000076ad00000, 0x0000000770200000, 0x00000007c0000000)
  eden space 65536K, 0% used [0x000000076ad00000,0x000000076ad00000,0x000000076ed00000)
  from space 10752K, 99% used [0x000000076ed00000,0x000000076f77f0b0,0x000000076f780000)
  to   space 10752K, 0% used [0x000000076f780000,0x000000076f780000,0x0000000770200000)
 ParOldGen       total 175104K, used 781K [0x00000006c0600000, 0x00000006cb100000, 0x000000076ad00000)
  object space 175104K, 0% used [0x00000006c0600000,0x00000006c06c37b0,0x00000006cb100000)
 Metaspace       used 20525K, capacity 21158K, committed 21296K, reserved 1067008K
  class space    used 2758K, capacity 2936K, committed 2944K, reserved 1048576K
}
Event: 11.481 GC heap before
{Heap before GC invocations=2 (full 1):
 PSYoungGen      total 76288K, used 10748K [0x000000076ad00000, 0x0000000770200000, 0x00000007c0000000)
  eden space 65536K, 0% used [0x000000076ad00000,0x000000076ad00000,0x000000076ed00000)
  from space 10752K, 99% used [0x000000076ed00000,0x000000076f77f0b0,0x000000076f780000)
  to   space 10752K, 0% used [0x000000076f780000,0x000000076f780000,0x0000000770200000)
 ParOldGen       total 175104K, used 781K [0x00000006c0600000, 0x00000006cb100000, 0x000000076ad00000)
  object space 175104K, 0% used [0x00000006c0600000,0x00000006c06c37b0,0x00000006cb100000)
 Metaspace       used 20525K, capacity 21158K, committed 21296K, reserved 1067008K
  class space    used 2758K, capacity 2936K, committed 2944K, reserved 1048576K
Event: 11.520 GC heap after
Heap after GC invocations=2 (full 1):
 PSYoungGen      total 76288K, used 0K [0x000000076ad00000, 0x0000000770200000, 0x00000007c0000000)
  eden space 65536K, 0% used [0x000000076ad00000,0x000000076ad00000,0x000000076ed00000)
  from space 10752K, 0% used [0x000000076ed00000,0x000000076ed00000,0x000000076f780000)
  to   space 10752K, 0% used [0x000000076f780000,0x000000076f780000,0x0000000770200000)
 ParOldGen       total 75776K, used 9301K [0x00000006c0600000, 0x00000006c5000000, 0x000000076ad00000)
  object space 75776K, 12% used [0x00000006c0600000,0x00000006c0f156d0,0x00000006c5000000)
 Metaspace       used 20525K, capacity 21158K, committed 21296K, reserved 1067008K
  class space    used 2758K, capacity 2936K, committed 2944K, reserved 1048576K
}

