# JRE version: Java(TM) SE Runtime Environment (8.0_51-b16) (build 1.8.0_51-b16)
# Java VM: Java HotSpot(TM) 64-Bit Server VM (25.51-b03 mixed mode windows-amd64 compressed oops)
Heap:
 PSYoungGen      total 76288K, used 51786K [0x000000076ad00000, 0x0000000774200000, 0x00000007c0000000)
  eden space 65536K, 79% used [0x000000076ad00000,0x000000076df929d0,0x000000076ed00000)
  from space 10752K, 0% used [0x000000076ed00000,0x000000076ed00000,0x000000076f780000)
  to   space 10752K, 0% used [0x0000000773780000,0x0000000773780000,0x0000000774200000)
 ParOldGen       total 104960K, used 13282K [0x00000006c0600000, 0x00000006c6c80000, 0x000000076ad00000)
  object space 104960K, 12% used [0x00000006c0600000,0x00000006c12f8930,0x00000006c6c80000)
 Metaspace       used 23249K, capacity 24668K, committed 24832K, reserved 1071104K
  class space    used 3223K, capacity 3507K, committed 3584K, reserved 1048576K
GC Heap History (8 events):
Event: 3.456 GC heap before
{Heap before GC invocations=1 (full 0):
 PSYoungGen      total 76288K, used 65536K [0x000000076ad00000, 0x0000000770200000, 0x00000007c0000000)
  eden space 65536K, 100% used [0x000000076ad00000,0x000000076ed00000,0x000000076ed00000)
  from space 10752K, 0% used [0x000000076f780000,0x000000076f780000,0x0000000770200000)
  to   space 10752K, 0% used [0x000000076ed00000,0x000000076ed00000,0x000000076f780000)
 ParOldGen       total 175104K, used 0K [0x00000006c0600000, 0x00000006cb100000, 0x000000076ad00000)
  object space 175104K, 0% used [0x00000006c0600000,0x00000006c0600000,0x00000006cb100000)
 Metaspace       used 19505K, capacity 20250K, committed 20352K, reserved 1067008K
  class space    used 2722K, capacity 2910K, committed 2944K, reserved 1048576K
Event: 3.469 GC heap after
Heap after GC invocations=1 (full 0):
 PSYoungGen      total 76288K, used 10732K [0x000000076ad00000, 0x0000000770200000, 0x00000007c0000000)
  eden space 65536K, 0% used [0x000000076ad00000,0x000000076ad00000,0x000000076ed00000)
  from space 10752K, 99% used [0x000000076ed00000,0x000000076f77b2e0,0x000000076f780000)
  to   space 10752K, 0% used [0x000000076f780000,0x000000076f780000,0x0000000770200000)
 ParOldGen       total 175104K, used 5039K [0x00000006c0600000, 0x00000006cb100000, 0x000000076ad00000)
  object space 175104K, 2% used [0x00000006c0600000,0x00000006c0aebf80,0x00000006cb100000)
 Metaspace       used 19505K, capacity 20250K, committed 20352K, reserved 1067008K
  class space    used 2722K, capacity 2910K, committed 2944K, reserved 1048576K
}
Event: 3.719 GC heap before
{Heap before GC invocations=2 (full 0):
 PSYoungGen      total 76288K, used 23652K [0x000000076ad00000, 0x0000000770200000, 0x00000007c0000000)
  eden space 65536K, 19% used [0x000000076ad00000,0x000000076b99df58,0x000000076ed00000)
  from space 10752K, 99% used [0x000000076ed00000,0x000000076f77b2e0,0x000000076f780000)
  to   space 10752K, 0% used [0x000000076f780000,0x000000076f780000,0x0000000770200000)
 ParOldGen       total 175104K, used 5039K [0x00000006c0600000, 0x00000006cb100000, 0x000000076ad00000)
  object space 175104K, 2% used [0x00000006c0600000,0x00000006c0aebf80,0x00000006cb100000)
 Metaspace       used 20275K, capacity 21210K, committed 21504K, reserved 1067008K
  class space    used 2842K, capacity 3014K, committed 3072K, reserved 1048576K
Event: 3.731 GC heap after
Heap after GC invocations=2 (full 0):
 PSYoungGen      total 76288K, used 10732K [0x000000076ad00000, 0x0000000774200000, 0x00000007c0000000)
  eden space 65536K, 0% used [0x000000076ad00000,0x000000076ad00000,0x000000076ed00000)
  from space 10752K, 99% used [0x000000076f780000,0x00000007701fb0e0,0x0000000770200000)
  to   space 10752K, 0% used [0x000000076ed00000,0x000000076ed00000,0x000000076f780000)
 ParOldGen       total 175104K, used 5815K [0x00000006c0600000, 0x00000006cb100000, 0x000000076ad00000)
  object space 175104K, 3% used [0x00000006c0600000,0x00000006c0baddb8,0x00000006cb100000)
 Metaspace       used 20275K, capacity 21210K, committed 21504K, reserved 1067008K
  class space    used 2842K, capacity 3014K, committed 3072K, reserved 1048576K
}
Event: 6.540 GC heap before
{Heap before GC invocations=3 (full 0):
 PSYoungGen      total 76288K, used 15845K [0x000000076ad00000, 0x0000000774200000, 0x00000007c0000000)
  eden space 65536K, 7% used [0x000000076ad00000,0x000000076b1fe548,0x000000076ed00000)
  from space 10752K, 99% used [0x000000076f780000,0x00000007701fb0e0,0x0000000770200000)
  to   space 10752K, 0% used [0x000000076ed00000,0x000000076ed00000,0x000000076f780000)
 ParOldGen       total 175104K, used 5815K [0x00000006c0600000, 0x00000006cb100000, 0x000000076ad00000)
  object space 175104K, 3% used [0x00000006c0600000,0x00000006c0baddb8,0x00000006cb100000)
 Metaspace       used 20636K, capacity 21546K, committed 21628K, reserved 1069056K
  class space    used 2860K, capacity 3058K, committed 3072K, reserved 1048576K
Event: 6.549 GC heap after
Heap after GC invocations=3 (full 0):
 PSYoungGen      total 76288K, used 10566K [0x000000076ad00000, 0x0000000774200000, 0x00000007c0000000)
  eden space 65536K, 0% used [0x000000076ad00000,0x000000076ad00000,0x000000076ed00000)
  from space 10752K, 98% used [0x000000076ed00000,0x000000076f751b20,0x000000076f780000)
  to   space 10752K, 0% used [0x0000000773780000,0x0000000773780000,0x0000000774200000)
 ParOldGen       total 175104K, used 5823K [0x00000006c0600000, 0x00000006cb100000, 0x000000076ad00000)
  object space 175104K, 3% used [0x00000006c0600000,0x00000006c0bafdb8,0x00000006cb100000)
 Metaspace       used 20636K, capacity 21546K, committed 21628K, reserved 1069056K
  class space    used 2860K, capacity 3058K, committed 3072K, reserved 1048576K
}
Event: 6.549 GC heap before
{Heap before GC invocations=4 (full 1):
 PSYoungGen      total 76288K, used 10566K [0x000000076ad00000, 0x0000000774200000, 0x00000007c0000000)
  eden space 65536K, 0% used [0x000000076ad00000,0x000000076ad00000,0x000000076ed00000)
  from space 10752K, 98% used [0x000000076ed00000,0x000000076f751b20,0x000000076f780000)
  to   space 10752K, 0% used [0x0000000773780000,0x0000000773780000,0x0000000774200000)
 ParOldGen       total 175104K, used 5823K [0x00000006c0600000, 0x00000006cb100000, 0x000000076ad00000)
  object space 175104K, 3% used [0x00000006c0600000,0x00000006c0bafdb8,0x00000006cb100000)
 Metaspace       used 20636K, capacity 21546K, committed 21628K, reserved 1069056K
  class space    used 2860K, capacity 3058K, committed 3072K, reserved 1048576K
Event: 6.595 GC heap after
Heap after GC invocations=4 (full 1):
 PSYoungGen      total 76288K, used 0K [0x000000076ad00000, 0x0000000774200000, 0x00000007c0000000)
  eden space 65536K, 0% used [0x000000076ad00000,0x000000076ad00000,0x000000076ed00000)
  from space 10752K, 0% used [0x000000076ed00000,0x000000076ed00000,0x000000076f780000)
  to   space 10752K, 0% used [0x0000000773780000,0x0000000773780000,0x0000000774200000)
 ParOldGen       total 104960K, used 13282K [0x00000006c0600000, 0x00000006c6c80000, 0x000000076ad00000)
  object space 104960K, 12% used [0x00000006c0600000,0x00000006c12f8930,0x00000006c6c80000)
 Metaspace       used 20636K, capacity 21546K, committed 21628K, reserved 1069056K
  class space    used 2860K, capacity 3058K, committed 3072K, reserved 1048576K
}

