# JRE version: Java(TM) SE Runtime Environment (8.0_51-b16) (build 1.8.0_51-b16)
# Java VM: Java HotSpot(TM) 64-Bit Server VM (25.51-b03 mixed mode windows-amd64 compressed oops)
Heap:
 PSYoungGen      total 76288K, used 17114K [0x000000076ad00000, 0x0000000774200000, 0x00000007c0000000)
  eden space 65536K, 26% used [0x000000076ad00000,0x000000076bdb6830,0x000000076ed00000)
  from space 10752K, 0% used [0x000000076f780000,0x000000076f780000,0x0000000770200000)
  to   space 10752K, 0% used [0x000000076ed00000,0x000000076ed00000,0x000000076f780000)
 ParOldGen       total 115712K, used 22758K [0x00000006c0600000, 0x00000006c7700000, 0x000000076ad00000)
  object space 115712K, 19% used [0x00000006c0600000,0x00000006c1c39840,0x00000006c7700000)
 Metaspace       used 21358K, capacity 22304K, committed 22528K, reserved 1069056K
  class space    used 3028K, capacity 3243K, committed 3328K, reserved 1048576K
GC Heap History (6 events):
Event: 5.327 GC heap before
{Heap before GC invocations=1 (full 0):
 PSYoungGen      total 76288K, used 64800K [0x000000076ad00000, 0x0000000770200000, 0x00000007c0000000)
  eden space 65536K, 98% used [0x000000076ad00000,0x000000076ec481e0,0x000000076ed00000)
  from space 10752K, 0% used [0x000000076f780000,0x000000076f780000,0x0000000770200000)
  to   space 10752K, 0% used [0x000000076ed00000,0x000000076ed00000,0x000000076f780000)
 ParOldGen       total 175104K, used 0K [0x00000006c0600000, 0x00000006cb100000, 0x000000076ad00000)
  object space 175104K, 0% used [0x00000006c0600000,0x00000006c0600000,0x00000006cb100000)
 Metaspace       used 19266K, capacity 19978K, committed 20352K, reserved 1067008K
  class space    used 2669K, capacity 2840K, committed 2944K, reserved 1048576K
Event: 5.343 GC heap after
Heap after GC invocations=1 (full 0):
 PSYoungGen      total 76288K, used 10734K [0x000000076ad00000, 0x0000000770200000, 0x00000007c0000000)
  eden space 65536K, 0% used [0x000000076ad00000,0x000000076ad00000,0x000000076ed00000)
  from space 10752K, 99% used [0x000000076ed00000,0x000000076f77b850,0x000000076f780000)
  to   space 10752K, 0% used [0x000000076f780000,0x000000076f780000,0x0000000770200000)
 ParOldGen       total 175104K, used 9893K [0x00000006c0600000, 0x00000006cb100000, 0x000000076ad00000)
  object space 175104K, 5% used [0x00000006c0600000,0x00000006c0fa9568,0x00000006cb100000)
 Metaspace       used 19266K, capacity 19978K, committed 20352K, reserved 1067008K
  class space    used 2669K, capacity 2840K, committed 2944K, reserved 1048576K
}
Event: 5.625 GC heap before
{Heap before GC invocations=2 (full 0):
 PSYoungGen      total 76288K, used 32729K [0x000000076ad00000, 0x0000000770200000, 0x00000007c0000000)
  eden space 65536K, 33% used [0x000000076ad00000,0x000000076c27ad48,0x000000076ed00000)
  from space 10752K, 99% used [0x000000076ed00000,0x000000076f77b850,0x000000076f780000)
  to   space 10752K, 0% used [0x000000076f780000,0x000000076f780000,0x0000000770200000)
 ParOldGen       total 175104K, used 9893K [0x00000006c0600000, 0x00000006cb100000, 0x000000076ad00000)
  object space 175104K, 5% used [0x00000006c0600000,0x00000006c0fa9568,0x00000006cb100000)
 Metaspace       used 20275K, capacity 21148K, committed 21248K, reserved 1067008K
  class space    used 2832K, capacity 3013K, committed 3072K, reserved 1048576K
Event: 5.637 GC heap after
Heap after GC invocations=2 (full 0):
 PSYoungGen      total 76288K, used 10747K [0x000000076ad00000, 0x0000000774200000, 0x00000007c0000000)
  eden space 65536K, 0% used [0x000000076ad00000,0x000000076ad00000,0x000000076ed00000)
  from space 10752K, 99% used [0x000000076f780000,0x00000007701fecb8,0x0000000770200000)
  to   space 10752K, 0% used [0x000000076ed00000,0x000000076ed00000,0x000000076f780000)
 ParOldGen       total 175104K, used 15244K [0x00000006c0600000, 0x00000006cb100000, 0x000000076ad00000)
  object space 175104K, 8% used [0x00000006c0600000,0x00000006c14e3108,0x00000006cb100000)
 Metaspace       used 20275K, capacity 21148K, committed 21248K, reserved 1067008K
  class space    used 2832K, capacity 3013K, committed 3072K, reserved 1048576K
}
Event: 5.637 GC heap before
{Heap before GC invocations=3 (full 1):
 PSYoungGen      total 76288K, used 10747K [0x000000076ad00000, 0x0000000774200000, 0x00000007c0000000)
  eden space 65536K, 0% used [0x000000076ad00000,0x000000076ad00000,0x000000076ed00000)
  from space 10752K, 99% used [0x000000076f780000,0x00000007701fecb8,0x0000000770200000)
  to   space 10752K, 0% used [0x000000076ed00000,0x000000076ed00000,0x000000076f780000)
 ParOldGen       total 175104K, used 15244K [0x00000006c0600000, 0x00000006cb100000, 0x000000076ad00000)
  object space 175104K, 8% used [0x00000006c0600000,0x00000006c14e3108,0x00000006cb100000)
 Metaspace       used 20275K, capacity 21148K, committed 21248K, reserved 1067008K
  class space    used 2832K, capacity 3013K, committed 3072K, reserved 1048576K
Event: 5.675 GC heap after
Heap after GC invocations=3 (full 1):
 PSYoungGen      total 76288K, used 0K [0x000000076ad00000, 0x0000000774200000, 0x00000007c0000000)
  eden space 65536K, 0% used [0x000000076ad00000,0x000000076ad00000,0x000000076ed00000)
  from space 10752K, 0% used [0x000000076f780000,0x000000076f780000,0x0000000770200000)
  to   space 10752K, 0% used [0x000000076ed00000,0x000000076ed00000,0x000000076f780000)
 ParOldGen       total 115712K, used 22758K [0x00000006c0600000, 0x00000006c7700000, 0x000000076ad00000)
  object space 115712K, 19% used [0x00000006c0600000,0x00000006c1c39840,0x00000006c7700000)
 Metaspace       used 20275K, capacity 21148K, committed 21248K, reserved 1067008K
  class space    used 2832K, capacity 3013K, committed 3072K, reserved 1048576K
}

