# JRE version: Java(TM) SE Runtime Environment (8.0_51-b16) (build 1.8.0_51-b16)
# Java VM: Java HotSpot(TM) 64-Bit Server VM (25.51-b03 mixed mode windows-amd64 compressed oops)
Heap:
 PSYoungGen      total 76288K, used 14572K [0x000000076ad00000, 0x0000000770200000, 0x00000007c0000000)
  eden space 65536K, 22% used [0x000000076ad00000,0x000000076bb3b1d0,0x000000076ed00000)
  from space 10752K, 0% used [0x000000076ed00000,0x000000076ed00000,0x000000076f780000)
  to   space 10752K, 0% used [0x000000076f780000,0x000000076f780000,0x0000000770200000)
 ParOldGen       total 123904K, used 7715K [0x00000006c0600000, 0x00000006c7f00000, 0x000000076ad00000)
  object space 123904K, 6% used [0x00000006c0600000,0x00000006c0d88c48,0x00000006c7f00000)
 Metaspace       used 21906K, capacity 23188K, committed 23424K, reserved 1069056K
  class space    used 3107K, capacity 3363K, committed 3456K, reserved 1048576K
GC Heap History (4 events):
Event: 1.905 GC heap before
{Heap before GC invocations=1 (full 0):
 PSYoungGen      total 76288K, used 55086K [0x000000076ad00000, 0x0000000770200000, 0x00000007c0000000)
  eden space 65536K, 84% used [0x000000076ad00000,0x000000076e2cb8c0,0x000000076ed00000)
  from space 10752K, 0% used [0x000000076f780000,0x000000076f780000,0x0000000770200000)
  to   space 10752K, 0% used [0x000000076ed00000,0x000000076ed00000,0x000000076f780000)
 ParOldGen       total 175104K, used 0K [0x00000006c0600000, 0x00000006cb100000, 0x000000076ad00000)
  object space 175104K, 0% used [0x00000006c0600000,0x00000006c0600000,0x00000006cb100000)
 Metaspace       used 20144K, capacity 21258K, committed 21296K, reserved 1067008K
  class space    used 2943K, capacity 3162K, committed 3200K, reserved 1048576K
Event: 1.920 GC heap after
Heap after GC invocations=1 (full 0):
 PSYoungGen      total 76288K, used 7844K [0x000000076ad00000, 0x0000000770200000, 0x00000007c0000000)
  eden space 65536K, 0% used [0x000000076ad00000,0x000000076ad00000,0x000000076ed00000)
  from space 10752K, 72% used [0x000000076ed00000,0x000000076f4a93c0,0x000000076f780000)
  to   space 10752K, 0% used [0x000000076f780000,0x000000076f780000,0x0000000770200000)
 ParOldGen       total 175104K, used 88K [0x00000006c0600000, 0x00000006cb100000, 0x000000076ad00000)
  object space 175104K, 0% used [0x00000006c0600000,0x00000006c0616010,0x00000006cb100000)
 Metaspace       used 20144K, capacity 21258K, committed 21296K, reserved 1067008K
  class space    used 2943K, capacity 3162K, committed 3200K, reserved 1048576K
}
Event: 1.920 GC heap before
{Heap before GC invocations=2 (full 1):
 PSYoungGen      total 76288K, used 7844K [0x000000076ad00000, 0x0000000770200000, 0x00000007c0000000)
  eden space 65536K, 0% used [0x000000076ad00000,0x000000076ad00000,0x000000076ed00000)
  from space 10752K, 72% used [0x000000076ed00000,0x000000076f4a93c0,0x000000076f780000)
  to   space 10752K, 0% used [0x000000076f780000,0x000000076f780000,0x0000000770200000)
 ParOldGen       total 175104K, used 88K [0x00000006c0600000, 0x00000006cb100000, 0x000000076ad00000)
  object space 175104K, 0% used [0x00000006c0600000,0x00000006c0616010,0x00000006cb100000)
 Metaspace       used 20144K, capacity 21258K, committed 21296K, reserved 1067008K
  class space    used 2943K, capacity 3162K, committed 3200K, reserved 1048576K
Event: 1.968 GC heap after
Heap after GC invocations=2 (full 1):
 PSYoungGen      total 76288K, used 0K [0x000000076ad00000, 0x0000000770200000, 0x00000007c0000000)
  eden space 65536K, 0% used [0x000000076ad00000,0x000000076ad00000,0x000000076ed00000)
  from space 10752K, 0% used [0x000000076ed00000,0x000000076ed00000,0x000000076f780000)
  to   space 10752K, 0% used [0x000000076f780000,0x000000076f780000,0x0000000770200000)
 ParOldGen       total 123904K, used 7715K [0x00000006c0600000, 0x00000006c7f00000, 0x000000076ad00000)
  object space 123904K, 6% used [0x00000006c0600000,0x00000006c0d88c48,0x00000006c7f00000)
 Metaspace       used 20144K, capacity 21258K, committed 21296K, reserved 1067008K
  class space    used 2943K, capacity 3162K, committed 3200K, reserved 1048576K
}

