# JRE version: Java(TM) SE Runtime Environment (8.0_51-b16) (build 1.8.0_51-b16)
# Java VM: Java HotSpot(TM) 64-Bit Server VM (25.51-b03 mixed mode windows-amd64 compressed oops)
Heap:
 PSYoungGen      total 76288K, used 3150K [0x000000076ad00000, 0x0000000774200000, 0x00000007c0000000)
  eden space 65536K, 4% used [0x000000076ad00000,0x000000076b013940,0x000000076ed00000)
  from space 10752K, 0% used [0x000000076f780000,0x000000076f780000,0x0000000770200000)
  to   space 10752K, 0% used [0x000000076ed00000,0x000000076ed00000,0x000000076f780000)
 ParOldGen       total 100864K, used 14260K [0x00000006c0600000, 0x00000006c6880000, 0x000000076ad00000)
  object space 100864K, 14% used [0x00000006c0600000,0x00000006c13ed040,0x00000006c6880000)
 Metaspace       used 20451K, capacity 21372K, committed 21504K, reserved 1067008K
  class space    used 2846K, capacity 3047K, committed 3072K, reserved 1048576K
GC Heap History (6 events):
Event: 6.148 GC heap before
{Heap before GC invocations=1 (full 0):
 PSYoungGen      total 76288K, used 65536K [0x000000076ad00000, 0x0000000770200000, 0x00000007c0000000)
  eden space 65536K, 100% used [0x000000076ad00000,0x000000076ed00000,0x000000076ed00000)
  from space 10752K, 0% used [0x000000076f780000,0x000000076f780000,0x0000000770200000)
  to   space 10752K, 0% used [0x000000076ed00000,0x000000076ed00000,0x000000076f780000)
 ParOldGen       total 175104K, used 0K [0x00000006c0600000, 0x00000006cb100000, 0x000000076ad00000)
  object space 175104K, 0% used [0x00000006c0600000,0x00000006c0600000,0x00000006cb100000)
 Metaspace       used 19583K, capacity 20278K, committed 20608K, reserved 1067008K
  class space    used 2717K, capacity 2878K, committed 2944K, reserved 1048576K
Event: 6.162 GC heap after
Heap after GC invocations=1 (full 0):
 PSYoungGen      total 76288K, used 10720K [0x000000076ad00000, 0x0000000770200000, 0x00000007c0000000)
  eden space 65536K, 0% used [0x000000076ad00000,0x000000076ad00000,0x000000076ed00000)
  from space 10752K, 99% used [0x000000076ed00000,0x000000076f778090,0x000000076f780000)
  to   space 10752K, 0% used [0x000000076f780000,0x000000076f780000,0x0000000770200000)
 ParOldGen       total 175104K, used 5820K [0x00000006c0600000, 0x00000006cb100000, 0x000000076ad00000)
  object space 175104K, 3% used [0x00000006c0600000,0x00000006c0baf388,0x00000006cb100000)
 Metaspace       used 19583K, capacity 20278K, committed 20608K, reserved 1067008K
  class space    used 2717K, capacity 2878K, committed 2944K, reserved 1048576K
}
Event: 6.392 GC heap before
{Heap before GC invocations=2 (full 0):
 PSYoungGen      total 76288K, used 24075K [0x000000076ad00000, 0x0000000770200000, 0x00000007c0000000)
  eden space 65536K, 20% used [0x000000076ad00000,0x000000076ba0ad20,0x000000076ed00000)
  from space 10752K, 99% used [0x000000076ed00000,0x000000076f778090,0x000000076f780000)
  to   space 10752K, 0% used [0x000000076f780000,0x000000076f780000,0x0000000770200000)
 ParOldGen       total 175104K, used 5820K [0x00000006c0600000, 0x00000006cb100000, 0x000000076ad00000)
  object space 175104K, 3% used [0x00000006c0600000,0x00000006c0baf388,0x00000006cb100000)
 Metaspace       used 20256K, capacity 21136K, committed 21248K, reserved 1067008K
  class space    used 2830K, capacity 3013K, committed 3072K, reserved 1048576K
Event: 6.404 GC heap after
Heap after GC invocations=2 (full 0):
 PSYoungGen      total 76288K, used 10726K [0x000000076ad00000, 0x0000000774200000, 0x00000007c0000000)
  eden space 65536K, 0% used [0x000000076ad00000,0x000000076ad00000,0x000000076ed00000)
  from space 10752K, 99% used [0x000000076f780000,0x00000007701f9b30,0x0000000770200000)
  to   space 10752K, 0% used [0x000000076ed00000,0x000000076ed00000,0x000000076f780000)
 ParOldGen       total 175104K, used 6700K [0x00000006c0600000, 0x00000006cb100000, 0x000000076ad00000)
  object space 175104K, 3% used [0x00000006c0600000,0x00000006c0c8b008,0x00000006cb100000)
 Metaspace       used 20256K, capacity 21136K, committed 21248K, reserved 1067008K
  class space    used 2830K, capacity 3013K, committed 3072K, reserved 1048576K
}
Event: 6.404 GC heap before
{Heap before GC invocations=3 (full 1):
 PSYoungGen      total 76288K, used 10726K [0x000000076ad00000, 0x0000000774200000, 0x00000007c0000000)
  eden space 65536K, 0% used [0x000000076ad00000,0x000000076ad00000,0x000000076ed00000)
  from space 10752K, 99% used [0x000000076f780000,0x00000007701f9b30,0x0000000770200000)
  to   space 10752K, 0% used [0x000000076ed00000,0x000000076ed00000,0x000000076f780000)
 ParOldGen       total 175104K, used 6700K [0x00000006c0600000, 0x00000006cb100000, 0x000000076ad00000)
  object space 175104K, 3% used [0x00000006c0600000,0x00000006c0c8b008,0x00000006cb100000)
 Metaspace       used 20256K, capacity 21136K, committed 21248K, reserved 1067008K
  class space    used 2830K, capacity 3013K, committed 3072K, reserved 1048576K
Event: 6.444 GC heap after
Heap after GC invocations=3 (full 1):
 PSYoungGen      total 76288K, used 0K [0x000000076ad00000, 0x0000000774200000, 0x00000007c0000000)
  eden space 65536K, 0% used [0x000000076ad00000,0x000000076ad00000,0x000000076ed00000)
  from space 10752K, 0% used [0x000000076f780000,0x000000076f780000,0x0000000770200000)
  to   space 10752K, 0% used [0x000000076ed00000,0x000000076ed00000,0x000000076f780000)
 ParOldGen       total 100864K, used 14260K [0x00000006c0600000, 0x00000006c6880000, 0x000000076ad00000)
  object space 100864K, 14% used [0x00000006c0600000,0x00000006c13ed040,0x00000006c6880000)
 Metaspace       used 20256K, capacity 21136K, committed 21248K, reserved 1067008K
  class space    used 2830K, capacity 3013K, committed 3072K, reserved 1048576K
}

